Started GET "/?format=xml" for 127.0.0.1 at 2021-01-11 13:36:05 +0300
  [1m[35m (3.6ms)[0m  [1m[34mSELECT sqlite_version(*)[0m
Processing by XmlController#index as XML
Completed 200 OK in 171ms (Views: 0.2ms | ActiveRecord: 0.0ms | Allocations: 4599)


Started GET "/?format=xml" for 127.0.0.1 at 2021-01-11 13:36:08 +0300
Processing by XmlController#index as XML
Completed 200 OK in 190ms (Views: 0.1ms | ActiveRecord: 0.0ms | Allocations: 1963)


Started GET "/?format=xml" for 127.0.0.1 at 2021-01-11 13:36:15 +0300
Processing by XmlController#index as XML
Completed 200 OK in 169ms (Views: 0.1ms | ActiveRecord: 0.0ms | Allocations: 1963)


Started GET "/?format=xml" for 127.0.0.1 at 2021-01-11 13:36:19 +0300
Processing by XmlController#index as XML
Completed 200 OK in 183ms (Views: 0.4ms | ActiveRecord: 0.0ms | Allocations: 1963)


Started GET "/" for 127.0.0.1 at 2021-01-11 15:33:56 +0300
  [1m[35m (0.4ms)[0m  [1m[34mSELECT sqlite_version(*)[0m
Processing by XmlController#index as HTML
Completed 406 Not Acceptable in 119ms (ActiveRecord: 0.0ms | Allocations: 707)


  
ActionController::UnknownFormat (ActionController::UnknownFormat):
  
app/controllers/xml_controller.rb:7:in `index'
Started GET "/" for 127.0.0.1 at 2021-01-11 15:34:13 +0300
Processing by XmlController#index as HTML
Completed 406 Not Acceptable in 119ms (ActiveRecord: 0.0ms | Allocations: 599)


  
ActionController::UnknownFormat (ActionController::UnknownFormat):
  
app/controllers/xml_controller.rb:7:in `index'
Started GET "/?format=xml" for 127.0.0.1 at 2021-01-11 15:34:17 +0300
Processing by XmlController#index as XML
Completed 200 OK in 128ms (Views: 0.1ms | ActiveRecord: 0.0ms | Allocations: 5051)


Started GET "/?format=xml" for 127.0.0.1 at 2021-01-11 15:34:20 +0300
Processing by XmlController#index as XML
Completed 200 OK in 134ms (Views: 0.1ms | ActiveRecord: 0.0ms | Allocations: 1963)


Started GET "/?format=xml" for 127.0.0.1 at 2021-01-11 15:34:22 +0300
Processing by XmlController#index as XML
Completed 200 OK in 165ms (Views: 0.1ms | ActiveRecord: 0.0ms | Allocations: 1963)


Started GET "/" for 127.0.0.1 at 2021-01-11 18:48:39 +0300
  [1m[35m (0.6ms)[0m  [1m[34mSELECT sqlite_version(*)[0m
Processing by XmlController#index as HTML
Completed 406 Not Acceptable in 148ms (ActiveRecord: 0.0ms | Allocations: 793)


  
ActionController::UnknownFormat (ActionController::UnknownFormat):
  
app/controllers/xml_controller.rb:7:in `index'
Started GET "/?format=xml" for 127.0.0.1 at 2021-01-11 18:48:47 +0300
Processing by XmlController#index as XML
Completed 200 OK in 149ms (Views: 0.1ms | ActiveRecord: 0.0ms | Allocations: 2921)


Started GET "/?format=xml" for 127.0.0.1 at 2021-01-11 18:48:55 +0300
Processing by XmlController#index as XML
Completed 200 OK in 148ms (Views: 0.1ms | ActiveRecord: 0.0ms | Allocations: 1963)


Started GET "/?format=xml" for 127.0.0.1 at 2021-01-11 18:48:59 +0300
Processing by XmlController#index as XML
Completed 200 OK in 186ms (Views: 0.1ms | ActiveRecord: 0.0ms | Allocations: 1964)


Started GET "/?format=xml" for 127.0.0.1 at 2021-01-11 18:49:49 +0300
Processing by XmlController#index as XML
Completed 200 OK in 147ms (Views: 0.0ms | ActiveRecord: 0.0ms | Allocations: 1963)


